<?xml version="1.0" encoding="UTF-8"?>
<!-- Generated by org.testng.reporters.JUnitReportReporter -->
<testsuite hostname="DESKTOP-GRE8QJG" failures="0" tests="1" name="com.inetbanking.testCases.LoginTestCase_001" time="7.934" errors="0" timestamp="29 Nov 2022 06:05:29 GMT" skipped="0">
  <testcase classname="com.inetbanking.testCases.LoginTestCase_001" name="loginTest" time="7.934"/>
</testsuite> <!-- com.inetbanking.testCases.LoginTestCase_001 -->
