<?xml version="1.0" encoding="UTF-8"?>
<!-- Generated by org.testng.reporters.JUnitReportReporter -->
<testsuite hostname="DESKTOP-TL0SH1A" failures="0" tests="1" name="com.inetbanking.testCases.TC_LoginTest" time="1.924" errors="0" timestamp="2022-12-08T17:50:27 IST" skipped="0">
  <testcase classname="com.inetbanking.testCases.TC_LoginTest" name="LoginTest" time="1.924"/>
  <system-out/>
</testsuite> <!-- com.inetbanking.testCases.TC_LoginTest -->
